<?xml version="1.0" encoding="UTF-8"?>
<!-- Generated by org.testng.reporters.JUnitReportReporter -->
<testsuite hostname="SankaraSaikumar" failures="0" tests="2" name="runners.TestRunner" time="4.298" errors="2" timestamp="2025-07-23T08:06:07 IST" skipped="0">
  <testcase classname="runners.TestRunner" name="runScenario" time="1.176">
    <error message="class &quot;org.hamcrest.Matchers&quot;&#039;s signer information does not match signer information of other classes in the same package" type="java.lang.SecurityException">
      <![CDATA[java.lang.SecurityException: class "org.hamcrest.Matchers"'s signer information does not match signer information of other classes in the same package
at java.base/java.lang.ClassLoader.checkCerts(ClassLoader.java:1150)
at java.base/java.lang.ClassLoader.preDefineClass(ClassLoader.java:905)
at java.base/java.lang.ClassLoader.defineClass(ClassLoader.java:1014)
at java.base/java.security.SecureClassLoader.defineClass(SecureClassLoader.java:174)
at java.base/jdk.internal.loader.BuiltinClassLoader.defineClass(BuiltinClassLoader.java:800)
at java.base/jdk.internal.loader.BuiltinClassLoader.findClassOnClassPathOrNull(BuiltinClassLoader.java:698)
at java.base/jdk.internal.loader.BuiltinClassLoader.loadClassOrNull(BuiltinClassLoader.java:621)
at java.base/jdk.internal.loader.BuiltinClassLoader.loadClass(BuiltinClassLoader.java:579)
at java.base/jdk.internal.loader.ClassLoaders$AppClassLoader.loadClass(ClassLoaders.java:178)
at java.base/java.lang.ClassLoader.loadClass(ClassLoader.java:521)
at io.restassured.internal.ResponseSpecificationImpl.statusCode(ResponseSpecificationImpl.groovy:143)
at io.restassured.internal.ValidatableResponseOptionsImpl.statusCode(ValidatableResponseOptionsImpl.java:89)
at stepdefinitions.ApiLoginSteps.validate_auth_error(ApiLoginSteps.java:43)
at ✽.I should receive an authentication error(file:///C:/Users/saiku/Music/automation-assessment/Demo/src/test/resources/features/ApiLogin.feature:11)
]]>
    </error>
  </testcase> <!-- runScenario -->
  <testcase classname="runners.TestRunner" name="runScenario" time="3.122">
    <error message="class &quot;org.hamcrest.Matchers&quot;&#039;s signer information does not match signer information of other classes in the same package" type="java.lang.SecurityException">
      <![CDATA[java.lang.SecurityException: class "org.hamcrest.Matchers"'s signer information does not match signer information of other classes in the same package
at java.base/java.lang.ClassLoader.checkCerts(ClassLoader.java:1150)
at java.base/java.lang.ClassLoader.preDefineClass(ClassLoader.java:905)
at java.base/java.lang.ClassLoader.defineClass(ClassLoader.java:1014)
at java.base/java.security.SecureClassLoader.defineClass(SecureClassLoader.java:174)
at java.base/jdk.internal.loader.BuiltinClassLoader.defineClass(BuiltinClassLoader.java:800)
at java.base/jdk.internal.loader.BuiltinClassLoader.findClassOnClassPathOrNull(BuiltinClassLoader.java:698)
at java.base/jdk.internal.loader.BuiltinClassLoader.loadClassOrNull(BuiltinClassLoader.java:621)
at java.base/jdk.internal.loader.BuiltinClassLoader.loadClass(BuiltinClassLoader.java:579)
at java.base/jdk.internal.loader.ClassLoaders$AppClassLoader.loadClass(ClassLoaders.java:178)
at java.base/java.lang.ClassLoader.loadClass(ClassLoader.java:521)
at io.restassured.internal.ResponseSpecificationImpl.statusCode(ResponseSpecificationImpl.groovy:143)
at io.restassured.internal.ValidatableResponseOptionsImpl.statusCode(ValidatableResponseOptionsImpl.java:89)
at stepdefinitions.ApiLoginSteps.validate_token(ApiLoginSteps.java:30)
at ✽.I should receive a valid auth token(file:///C:/Users/saiku/Music/automation-assessment/Demo/src/test/resources/features/ApiLogin.feature:6)
]]>
    </error>
  </testcase> <!-- runScenario -->
</testsuite> <!-- runners.TestRunner -->
